d:\универ\магистратура\1 курс\графика\fraemwork\fraemwork\debug\vc142.pdb
d:\универ\магистратура\1 курс\графика\fraemwork\fraemwork\debug\vc142.idb
d:\универ\магистратура\1 курс\графика\fraemwork\fraemwork\debug\trianglecomponent.obj
d:\универ\магистратура\1 курс\графика\fraemwork\fraemwork\debug\simplemath.obj
d:\универ\магистратура\1 курс\графика\fraemwork\fraemwork\debug\displaywin32.obj
d:\универ\магистратура\1 курс\графика\fraemwork\fraemwork\debug\main.obj
d:\универ\магистратура\1 курс\графика\fraemwork\fraemwork\debug\inputdevice.obj
d:\универ\магистратура\1 курс\графика\fraemwork\fraemwork\debug\game.obj
d:\универ\магистратура\1 курс\графика\fraemwork\fraemwork\debug\delegates.obj
d:\универ\магистратура\1 курс\графика\fraemwork\fraemwork\debug\cameracontroller.obj
d:\универ\магистратура\1 курс\графика\fraemwork\fraemwork\debug\camera.obj
d:\универ\магистратура\1 курс\графика\fraemwork\debug\fraemwork.ilk
d:\универ\магистратура\1 курс\графика\fraemwork\debug\fraemwork.exe
d:\универ\магистратура\1 курс\графика\fraemwork\debug\fraemwork.pdb
d:\универ\магистратура\1 курс\графика\fraemwork\fraemwork\debug\fraemwork.tlog\cl.command.1.tlog
d:\универ\магистратура\1 курс\графика\fraemwork\fraemwork\debug\fraemwork.tlog\cl.read.1.tlog
d:\универ\магистратура\1 курс\графика\fraemwork\fraemwork\debug\fraemwork.tlog\cl.write.1.tlog
d:\универ\магистратура\1 курс\графика\fraemwork\fraemwork\debug\fraemwork.tlog\link.command.1.tlog
d:\универ\магистратура\1 курс\графика\fraemwork\fraemwork\debug\fraemwork.tlog\link.read.1.tlog
d:\универ\магистратура\1 курс\графика\fraemwork\fraemwork\debug\fraemwork.tlog\link.write.1.tlog
